<?xml version="1.0" encoding="UTF-8"?>
<testng-results ignored="0" total="3" passed="1" failed="2" skipped="0">
  <reporter-output>
  </reporter-output>
  <suite started-at="2025-03-07T16:43:50 EST" name="Default suite" finished-at="2025-03-07T16:44:00 EST" duration-ms="10071">
    <groups>
    </groups>
    <test started-at="2025-03-07T16:43:50 EST" name="Default test" finished-at="2025-03-07T16:44:00 EST" duration-ms="10071">
      <class name="com.webshop.tests.RegisterpageTest">
        <test-method is-config="true" signature="setupreport()[pri:0, instance:com.webshop.tests.RegisterpageTest@40005471]" started-at="2025-03-07T16:43:50 EST" name="setupreport" finished-at="2025-03-07T16:43:50 EST" duration-ms="99" status="PASS">
          <reporter-output>
          </reporter-output>
        </test-method> <!-- setupreport -->
        <test-method is-config="true" signature="pretest()[pri:0, instance:com.webshop.tests.RegisterpageTest@40005471]" started-at="2025-03-07T16:43:50 EST" name="pretest" finished-at="2025-03-07T16:43:52 EST" duration-ms="2772" status="PASS">
          <reporter-output>
          </reporter-output>
        </test-method> <!-- pretest -->
        <test-method signature="testinvaliddataentry()[pri:1, instance:com.webshop.tests.RegisterpageTest@40005471]" started-at="2025-03-07T16:43:52 EST" name="testinvaliddataentry" finished-at="2025-03-07T16:43:53 EST" duration-ms="422" status="FAIL">
          <exception class="java.lang.NullPointerException">
            <message>
              <![CDATA[Cannot invoke "com.aventstack.extentreports.ExtentTest.pass(String)" because "com.webshop.tests.RegisterpageTest.logger" is null]]>
            </message>
            <full-stacktrace>
              <![CDATA[java.lang.NullPointerException: Cannot invoke "com.aventstack.extentreports.ExtentTest.pass(String)" because "com.webshop.tests.RegisterpageTest.logger" is null
at com.webshop.tests.RegisterpageTest.testinvaliddataentry(RegisterpageTest.java:13)
at java.base/jdk.internal.reflect.DirectMethodHandleAccessor.invoke(DirectMethodHandleAccessor.java:103)
at java.base/java.lang.reflect.Method.invoke(Method.java:580)
at org.testng.internal.invokers.MethodInvocationHelper.invokeMethod(MethodInvocationHelper.java:141)
at org.testng.internal.invokers.TestInvoker.invokeMethod(TestInvoker.java:687)
at org.testng.internal.invokers.TestInvoker.invokeTestMethod(TestInvoker.java:230)
at org.testng.internal.invokers.MethodRunner.runInSequence(MethodRunner.java:63)
at org.testng.internal.invokers.TestInvoker$MethodInvocationAgent.invoke(TestInvoker.java:995)
at org.testng.internal.invokers.TestInvoker.invokeTestMethods(TestInvoker.java:203)
at org.testng.internal.invokers.TestMethodWorker.invokeTestMethods(TestMethodWorker.java:154)
at org.testng.internal.invokers.TestMethodWorker.run(TestMethodWorker.java:134)
at java.base/java.util.ArrayList.forEach(ArrayList.java:1596)
at org.testng.TestRunner.privateRun(TestRunner.java:741)
at org.testng.TestRunner.run(TestRunner.java:616)
at org.testng.SuiteRunner.runTest(SuiteRunner.java:421)
at org.testng.SuiteRunner.runSequentially(SuiteRunner.java:413)
at org.testng.SuiteRunner.privateRun(SuiteRunner.java:373)
at org.testng.SuiteRunner.run(SuiteRunner.java:312)
at org.testng.SuiteRunnerWorker.runSuite(SuiteRunnerWorker.java:52)
at org.testng.SuiteRunnerWorker.run(SuiteRunnerWorker.java:95)
at org.testng.TestNG.runSuitesSequentially(TestNG.java:1274)
at org.testng.TestNG.runSuitesLocally(TestNG.java:1208)
at org.testng.TestNG.runSuites(TestNG.java:1112)
at org.testng.TestNG.run(TestNG.java:1079)
at org.testng.remote.AbstractRemoteTestNG.run(AbstractRemoteTestNG.java:115)
at org.testng.remote.RemoteTestNG.initAndRun(RemoteTestNG.java:293)
at org.testng.remote.RemoteTestNG.main(RemoteTestNG.java:91)
]]>
            </full-stacktrace>
          </exception> <!-- java.lang.NullPointerException -->
          <reporter-output>
          </reporter-output>
        </test-method> <!-- testinvaliddataentry -->
        <test-method is-config="true" signature="teardown()[pri:0, instance:com.webshop.tests.RegisterpageTest@40005471]" started-at="2025-03-07T16:43:53 EST" name="teardown" finished-at="2025-03-07T16:43:53 EST" duration-ms="124" status="PASS">
          <reporter-output>
          </reporter-output>
        </test-method> <!-- teardown -->
        <test-method is-config="true" signature="pretest()[pri:0, instance:com.webshop.tests.RegisterpageTest@40005471]" started-at="2025-03-07T16:43:53 EST" name="pretest" finished-at="2025-03-07T16:43:56 EST" duration-ms="2627" status="PASS">
          <reporter-output>
          </reporter-output>
        </test-method> <!-- pretest -->
        <test-method signature="testregisterlandingpage()[pri:2, instance:com.webshop.tests.RegisterpageTest@40005471]" started-at="2025-03-07T16:43:56 EST" name="testregisterlandingpage" finished-at="2025-03-07T16:43:56 EST" duration-ms="409" status="FAIL">
          <exception class="java.lang.NullPointerException">
            <message>
              <![CDATA[Cannot invoke "com.aventstack.extentreports.ExtentTest.pass(String)" because "com.webshop.tests.RegisterpageTest.logger" is null]]>
            </message>
            <full-stacktrace>
              <![CDATA[java.lang.NullPointerException: Cannot invoke "com.aventstack.extentreports.ExtentTest.pass(String)" because "com.webshop.tests.RegisterpageTest.logger" is null
at com.webshop.tests.RegisterpageTest.testregisterlandingpage(RegisterpageTest.java:38)
at java.base/jdk.internal.reflect.DirectMethodHandleAccessor.invoke(DirectMethodHandleAccessor.java:103)
at java.base/java.lang.reflect.Method.invoke(Method.java:580)
at org.testng.internal.invokers.MethodInvocationHelper.invokeMethod(MethodInvocationHelper.java:141)
at org.testng.internal.invokers.TestInvoker.invokeMethod(TestInvoker.java:687)
at org.testng.internal.invokers.TestInvoker.invokeTestMethod(TestInvoker.java:230)
at org.testng.internal.invokers.MethodRunner.runInSequence(MethodRunner.java:63)
at org.testng.internal.invokers.TestInvoker$MethodInvocationAgent.invoke(TestInvoker.java:995)
at org.testng.internal.invokers.TestInvoker.invokeTestMethods(TestInvoker.java:203)
at org.testng.internal.invokers.TestMethodWorker.invokeTestMethods(TestMethodWorker.java:154)
at org.testng.internal.invokers.TestMethodWorker.run(TestMethodWorker.java:134)
at java.base/java.util.ArrayList.forEach(ArrayList.java:1596)
at org.testng.TestRunner.privateRun(TestRunner.java:741)
at org.testng.TestRunner.run(TestRunner.java:616)
at org.testng.SuiteRunner.runTest(SuiteRunner.java:421)
at org.testng.SuiteRunner.runSequentially(SuiteRunner.java:413)
at org.testng.SuiteRunner.privateRun(SuiteRunner.java:373)
at org.testng.SuiteRunner.run(SuiteRunner.java:312)
at org.testng.SuiteRunnerWorker.runSuite(SuiteRunnerWorker.java:52)
at org.testng.SuiteRunnerWorker.run(SuiteRunnerWorker.java:95)
at org.testng.TestNG.runSuitesSequentially(TestNG.java:1274)
at org.testng.TestNG.runSuitesLocally(TestNG.java:1208)
at org.testng.TestNG.runSuites(TestNG.java:1112)
at org.testng.TestNG.run(TestNG.java:1079)
at org.testng.remote.AbstractRemoteTestNG.run(AbstractRemoteTestNG.java:115)
at org.testng.remote.RemoteTestNG.initAndRun(RemoteTestNG.java:293)
at org.testng.remote.RemoteTestNG.main(RemoteTestNG.java:91)
]]>
            </full-stacktrace>
          </exception> <!-- java.lang.NullPointerException -->
          <reporter-output>
          </reporter-output>
        </test-method> <!-- testregisterlandingpage -->
        <test-method is-config="true" signature="teardown()[pri:0, instance:com.webshop.tests.RegisterpageTest@40005471]" started-at="2025-03-07T16:43:56 EST" name="teardown" finished-at="2025-03-07T16:43:56 EST" duration-ms="108" status="PASS">
          <reporter-output>
          </reporter-output>
        </test-method> <!-- teardown -->
        <test-method is-config="true" signature="pretest()[pri:0, instance:com.webshop.tests.RegisterpageTest@40005471]" started-at="2025-03-07T16:43:56 EST" name="pretest" finished-at="2025-03-07T16:43:59 EST" duration-ms="2660" status="PASS">
          <reporter-output>
          </reporter-output>
        </test-method> <!-- pretest -->
        <test-method signature="testregisterform()[pri:3, instance:com.webshop.tests.RegisterpageTest@40005471]" started-at="2025-03-07T16:43:59 EST" name="testregisterform" finished-at="2025-03-07T16:44:00 EST" duration-ms="800" status="PASS">
          <reporter-output>
          </reporter-output>
        </test-method> <!-- testregisterform -->
        <test-method is-config="true" signature="teardown()[pri:0, instance:com.webshop.tests.RegisterpageTest@40005471]" started-at="2025-03-07T16:44:00 EST" name="teardown" finished-at="2025-03-07T16:44:00 EST" duration-ms="117" status="PASS">
          <reporter-output>
          </reporter-output>
        </test-method> <!-- teardown -->
      </class> <!-- com.webshop.tests.RegisterpageTest -->
    </test> <!-- Default test -->
  </suite> <!-- Default suite -->
</testng-results>
